

============================== 2022-07-20 10:07:41.588688 | 00d76ecd-73a6-433f-aa3a-7a5f5e327a5e ==============================
10:07:41.588722 [info ] [MainThread]: Running with dbt=1.1.1
10:07:41.592174 [debug] [MainThread]: running dbt with arguments {'write_json': True, 'use_colors': True, 'printer_width': 80, 'version_check': True, 'partial_parse': True, 'static_parser': True, 'profiles_dir': '/app/profiles', 'send_anonymous_usage_stats': True, 'event_buffer_size': 100000, 'quiet': False, 'no_print': False, 'config_dir': False, 'which': 'debug', 'indirect_selection': 'eager'}
10:07:41.596794 [debug] [MainThread]: Tracking: tracking
10:07:41.604629 [debug] [MainThread]: Sending event: {'category': 'dbt', 'action': 'invocation', 'label': 'start', 'context': [<snowplow_tracker.self_describing_json.SelfDescribingJson object at 0x7fcfc41ef310>, <snowplow_tracker.self_describing_json.SelfDescribingJson object at 0x7fcfc41ef0a0>, <snowplow_tracker.self_describing_json.SelfDescribingJson object at 0x7fcfc41872e0>]}
10:07:42.162630 [debug] [MainThread]: Executing "git --help"
10:07:42.233059 [debug] [MainThread]: STDOUT: "b"usage: git [--version] [--help] [-C <path>] [-c <name>=<value>]\n           [--exec-path[=<path>]] [--html-path] [--man-path] [--info-path]\n           [-p | --paginate | -P | --no-pager] [--no-replace-objects] [--bare]\n           [--git-dir=<path>] [--work-tree=<path>] [--namespace=<name>]\n           <command> [<args>]\n\nThese are common Git commands used in various situations:\n\nstart a working area (see also: git help tutorial)\n   clone      Clone a repository into a new directory\n   init       Create an empty Git repository or reinitialize an existing one\n\nwork on the current change (see also: git help everyday)\n   add        Add file contents to the index\n   mv         Move or rename a file, a directory, or a symlink\n   reset      Reset current HEAD to the specified state\n   rm         Remove files from the working tree and from the index\n\nexamine the history and state (see also: git help revisions)\n   bisect     Use binary search to find the commit that introduced a bug\n   grep       Print lines matching a pattern\n   log        Show commit logs\n   show       Show various types of objects\n   status     Show the working tree status\n\ngrow, mark and tweak your common history\n   branch     List, create, or delete branches\n   checkout    Switch branches or restore working tree files\n   commit     Record changes to the repository\n   diff       Show changes between commits, commit and working tree, etc\n   merge      Join two or more development histories together\n   rebase     Reapply commits on top of another base tip\n   tag        Create, list, delete or verify a tag object signed with GPG\n\ncollaborate (see also: git help workflows)\n   fetch      Download objects and refs from another repository\n   pull       Fetch from and integrate with another repository or a local branch\n   push       Update remote refs along with associated objects\n\n'git help -a' and 'git help -g' list available subcommands and some\nconcept guides. See 'git help <command>' or 'git help <concept>'\nto read about a specific subcommand or concept.\n""
10:07:42.238294 [debug] [MainThread]: STDERR: "b''"
10:07:42.261037 [debug] [MainThread]: Acquiring new snowflake connection "debug"
10:07:42.267461 [debug] [MainThread]: Using snowflake connection "debug"
10:07:42.269705 [debug] [MainThread]: On debug: select 1 as id
10:07:42.279710 [debug] [MainThread]: Opening a new connection, currently in state init
10:07:43.462345 [debug] [MainThread]: SQL status: SUCCESS 1 in 1.18 seconds
10:07:43.466555 [debug] [MainThread]: On debug: Close
10:07:43.653603 [debug] [MainThread]: Sending event: {'category': 'dbt', 'action': 'invocation', 'label': 'end', 'context': [<snowplow_tracker.self_describing_json.SelfDescribingJson object at 0x7fcfbe548790>, <snowplow_tracker.self_describing_json.SelfDescribingJson object at 0x7fcfbe548b20>, <snowplow_tracker.self_describing_json.SelfDescribingJson object at 0x7fcfbe548d00>]}
10:07:44.199437 [debug] [MainThread]: Connection 'debug' was properly closed.


============================== 2022-07-20 10:16:11.252300 | 7bcd5c59-db6c-4add-95dd-ad4c75763279 ==============================
10:16:11.252316 [info ] [MainThread]: Running with dbt=1.1.1
10:16:11.273121 [debug] [MainThread]: running dbt with arguments {'write_json': True, 'use_colors': True, 'printer_width': 80, 'version_check': True, 'partial_parse': True, 'static_parser': True, 'profiles_dir': '/app/profiles', 'send_anonymous_usage_stats': True, 'event_buffer_size': 100000, 'quiet': False, 'no_print': False, 'config_dir': False, 'which': 'debug', 'indirect_selection': 'eager'}
10:16:11.278436 [debug] [MainThread]: Tracking: tracking
10:16:11.288657 [debug] [MainThread]: Sending event: {'category': 'dbt', 'action': 'invocation', 'label': 'start', 'context': [<snowplow_tracker.self_describing_json.SelfDescribingJson object at 0x7fcd2f4351f0>, <snowplow_tracker.self_describing_json.SelfDescribingJson object at 0x7fcd2f4352b0>, <snowplow_tracker.self_describing_json.SelfDescribingJson object at 0x7fcd2f435460>]}
10:16:12.028741 [debug] [MainThread]: Executing "git --help"
10:16:12.043345 [debug] [MainThread]: STDOUT: "b"usage: git [--version] [--help] [-C <path>] [-c <name>=<value>]\n           [--exec-path[=<path>]] [--html-path] [--man-path] [--info-path]\n           [-p | --paginate | -P | --no-pager] [--no-replace-objects] [--bare]\n           [--git-dir=<path>] [--work-tree=<path>] [--namespace=<name>]\n           <command> [<args>]\n\nThese are common Git commands used in various situations:\n\nstart a working area (see also: git help tutorial)\n   clone      Clone a repository into a new directory\n   init       Create an empty Git repository or reinitialize an existing one\n\nwork on the current change (see also: git help everyday)\n   add        Add file contents to the index\n   mv         Move or rename a file, a directory, or a symlink\n   reset      Reset current HEAD to the specified state\n   rm         Remove files from the working tree and from the index\n\nexamine the history and state (see also: git help revisions)\n   bisect     Use binary search to find the commit that introduced a bug\n   grep       Print lines matching a pattern\n   log        Show commit logs\n   show       Show various types of objects\n   status     Show the working tree status\n\ngrow, mark and tweak your common history\n   branch     List, create, or delete branches\n   checkout    Switch branches or restore working tree files\n   commit     Record changes to the repository\n   diff       Show changes between commits, commit and working tree, etc\n   merge      Join two or more development histories together\n   rebase     Reapply commits on top of another base tip\n   tag        Create, list, delete or verify a tag object signed with GPG\n\ncollaborate (see also: git help workflows)\n   fetch      Download objects and refs from another repository\n   pull       Fetch from and integrate with another repository or a local branch\n   push       Update remote refs along with associated objects\n\n'git help -a' and 'git help -g' list available subcommands and some\nconcept guides. See 'git help <command>' or 'git help <concept>'\nto read about a specific subcommand or concept.\n""
10:16:12.047064 [debug] [MainThread]: STDERR: "b''"
10:16:12.065195 [debug] [MainThread]: Acquiring new snowflake connection "debug"
10:16:12.068343 [debug] [MainThread]: Using snowflake connection "debug"
10:16:12.070765 [debug] [MainThread]: On debug: select 1 as id
10:16:12.073713 [debug] [MainThread]: Opening a new connection, currently in state init
10:16:13.479401 [debug] [MainThread]: SQL status: SUCCESS 1 in 1.41 seconds
10:16:13.486334 [debug] [MainThread]: On debug: Close
10:16:13.666739 [debug] [MainThread]: Sending event: {'category': 'dbt', 'action': 'invocation', 'label': 'end', 'context': [<snowplow_tracker.self_describing_json.SelfDescribingJson object at 0x7fcd285c2b80>, <snowplow_tracker.self_describing_json.SelfDescribingJson object at 0x7fcd285e5fd0>, <snowplow_tracker.self_describing_json.SelfDescribingJson object at 0x7fcd2f0ca4c0>]}
10:16:14.197050 [debug] [MainThread]: Connection 'debug' was properly closed.
